<?xml version="1.0" encoding="UTF-8"?><testsuite errors="0" failures="0" name="org.example.features.search.SearchByKeywordStory" skipped="0" tests="3" time="16.47" timestamp="2025-04-30 06:06:47"><testcase classname="org.example.features.search.SearchByKeywordStory" name="Searching by keyword cplusplus should display the corresponding article"/><testcase classname="org.example.features.search.SearchByKeywordStory" name="Searching by keyword creative should display the corresponding article"/><testcase classname="org.example.features.search.SearchByKeywordStory" name="Searching by keyword apple should display the corresponding article"/></testsuite>