<?xml version="1.0" encoding="UTF-8"?><testsuite errors="0" failures="1" name="org.example.features.search.SearchByKeywordStory" skipped="0" tests="2" time="9.02" timestamp="2025-04-27 07:34:43"><testcase classname="org.example.features.search.SearchByKeywordStory" name="Searching by keyword banana should display the corresponding article"><failure message="&#10;Expected: a collection containing a string containing &quot;An edible fruit produced by the pear tree, similar to an apple but typically elongated towards the stem.&quot;&#10;     but: was &quot;The First Balkan Workshop on Fixed Point Theory and Applications Babeș-Bolyai University Cluj-Napoca, Romania June 12-14, 2025&#10;09.03.2025&#10;The First Balkan Workshop on Fixed Point Theory and Applications Babeș-Bolyai University Cluj-Napoca, Romania June 12-14, 2025 WELCOME: The purpose of this workshop is to bring together experts and researchers in the theory and computation of fixed points, both for single-valued and multi-valued mappings. The participants from Balkan countries are invited to assess and propose&#10;Vezi restul anunţului&quot;" type="java.lang.AssertionError">
Expected: a collection containing a string containing "An edible fruit produced by the pear tree, similar to an apple but typically elongated towards the stem."
     but: was "The First Balkan Workshop on Fixed Point Theory and Applications Babeș-Bolyai University Cluj-Napoca, Romania June 12-14, 2025
09.03.2025
The First Balkan Workshop on Fixed Point Theory and Applications Babeș-Bolyai University Cluj-Napoca, Romania June 12-14, 2025 WELCOME: The purpose of this workshop is to bring together experts and researchers in the theory and computation of fixed points, both for single-valued and multi-valued mappings. The participants from Balkan countries are invited to assess and propose
Vezi restul anunţului"</failure><system-err>
Expected: a collection containing a string containing "An edible fruit produced by the pear tree, similar to an apple but typically elongated towards the stem."
     but: was "The First Balkan Workshop on Fixed Point Theory and Applications Babeș-Bolyai University Cluj-Napoca, Romania June 12-14, 2025
09.03.2025
The First Balkan Workshop on Fixed Point Theory and Applications Babeș-Bolyai University Cluj-Napoca, Romania June 12-14, 2025 WELCOME: The purpose of this workshop is to bring together experts and researchers in the theory and computation of fixed points, both for single-valued and multi-valued mappings. The participants from Balkan countries are invited to assess and propose
Vezi restul anunţului"&#13;
org.example.steps.serenity.EndUserSteps.should_see_definition(EndUserSteps.java:27)&#13;
org.example.features.search.SearchByKeywordStory.searching_by_keyword_banana_should_display_the_corresponding_article(SearchByKeywordStory.java:40)&#13;
</system-err></testcase><testcase classname="org.example.features.search.SearchByKeywordStory" name="Searching by keyword apple should display the corresponding article"/></testsuite>